  [1m[36m (1.6ms)[0m  [1mCREATE TABLE "schema_migrations" ("version" varchar NOT NULL) [0m
  [1m[35m (0.0ms)[0m  select sqlite_version(*)
  [1m[36m (2.2ms)[0m  [1mCREATE UNIQUE INDEX "unique_schema_migrations" ON "schema_migrations" ("version")[0m
  [1m[35mActiveRecord::SchemaMigration Load (0.1ms)[0m  SELECT "schema_migrations".* FROM "schema_migrations"
Migrating to CreateLists (20160402181829)
  [1m[36m (0.0ms)[0m  [1mbegin transaction[0m
  [1m[35m (0.3ms)[0m  CREATE TABLE "lists" ("id" INTEGER PRIMARY KEY AUTOINCREMENT NOT NULL, "name" varchar, "created_at" datetime NOT NULL, "updated_at" datetime NOT NULL) 
  [1m[36mSQL (0.2ms)[0m  [1mINSERT INTO "schema_migrations" ("version") VALUES (?)[0m  [["version", "20160402181829"]]
  [1m[35m (1.7ms)[0m  commit transaction
Migrating to CreateItems (20160402182857)
  [1m[36m (0.1ms)[0m  [1mbegin transaction[0m
  [1m[35m (0.3ms)[0m  CREATE TABLE "items" ("id" INTEGER PRIMARY KEY AUTOINCREMENT NOT NULL, "name" varchar, "quantity" integer, "list_id" integer, "created_at" datetime NOT NULL, "updated_at" datetime NOT NULL) 
  [1m[36m (0.1ms)[0m  [1mCREATE  INDEX "index_items_on_list_id" ON "items" ("list_id")[0m
  [1m[35mSQL (0.2ms)[0m  INSERT INTO "schema_migrations" ("version") VALUES (?)  [["version", "20160402182857"]]
  [1m[36m (1.5ms)[0m  [1mcommit transaction[0m
  [1m[35mActiveRecord::SchemaMigration Load (0.1ms)[0m  SELECT "schema_migrations".* FROM "schema_migrations"
  [1m[36m (0.1ms)[0m  [1m            SELECT sql
            FROM sqlite_master
            WHERE name='index_items_on_list_id' AND type='index'
            UNION ALL
            SELECT sql
            FROM sqlite_temp_master
            WHERE name='index_items_on_list_id' AND type='index'
[0m


Started GET "/" for 127.0.0.1 at 2016-04-02 14:31:19 -0400
  [1m[36mActiveRecord::SchemaMigration Load (0.1ms)[0m  [1mSELECT "schema_migrations".* FROM "schema_migrations"[0m
Processing by Rails::WelcomeController#index as HTML
  Rendered /rehakjc.rvm/gems/ruby-2.3.0/gems/railties-4.2.6/lib/rails/templates/rails/welcome/index.html.erb (1.7ms)
Completed 200 OK in 36ms (Views: 23.1ms | ActiveRecord: 0.0ms)


Started GET "/" for 127.0.0.1 at 2016-04-02 14:31:20 -0400
Processing by Rails::WelcomeController#index as HTML
  Rendered /rehakjc.rvm/gems/ruby-2.3.0/gems/railties-4.2.6/lib/rails/templates/rails/welcome/index.html.erb (0.0ms)
Completed 200 OK in 2ms (Views: 1.9ms | ActiveRecord: 0.0ms)


Started GET "/lists" for 127.0.0.1 at 2016-04-02 14:31:26 -0400
Processing by ListsController#index as HTML
  [1m[35mList Load (0.2ms)[0m  SELECT "lists".* FROM "lists"
  Rendered lists/index.html.erb within layouts/application (1.9ms)
Completed 200 OK in 2020ms (Views: 2018.2ms | ActiveRecord: 0.2ms)


Started GET "/lists" for 127.0.0.1 at 2016-04-02 14:31:28 -0400
Processing by ListsController#index as HTML
  [1m[36mList Load (0.4ms)[0m  [1mSELECT "lists".* FROM "lists"[0m
  Rendered lists/index.html.erb within layouts/application (0.9ms)
Completed 200 OK in 31ms (Views: 30.2ms | ActiveRecord: 0.4ms)


Started GET "/assets/scaffolds.self-22fa5a802fc0ec3c480dedc762097485e531f5ddc0d4eccddb4548dedf7a02cf.css?body=1" for 127.0.0.1 at 2016-04-02 14:31:28 -0400


Started GET "/assets/application.self-e80e8f2318043e8af94dddc2adad5a4f09739a8ebb323b3ab31cd71d45fd9113.css?body=1" for 127.0.0.1 at 2016-04-02 14:31:28 -0400


Started GET "/assets/application.self-3b8dabdc891efe46b9a144b400ad69e37d7e5876bdc39dee783419a69d7ca819.js?body=1" for 127.0.0.1 at 2016-04-02 14:31:28 -0400


Started GET "/items" for 127.0.0.1 at 2016-04-02 14:31:39 -0400
Processing by ItemsController#index as HTML
  [1m[35mItem Load (0.2ms)[0m  SELECT "items".* FROM "items"
  Rendered items/index.html.erb within layouts/application (2.5ms)
Completed 200 OK in 327ms (Views: 43.7ms | ActiveRecord: 0.2ms)


Started GET "/" for 127.0.0.1 at 2016-04-02 14:31:48 -0400
Processing by Rails::WelcomeController#index as HTML
  Rendered /rehakjc.rvm/gems/ruby-2.3.0/gems/railties-4.2.6/lib/rails/templates/rails/welcome/index.html.erb (0.0ms)
Completed 200 OK in 2ms (Views: 1.6ms | ActiveRecord: 0.0ms)
